
----------------------------------------------------------------------------
--                            Design Analysis                             --
----------------------------------------------------------------------------
Analyze pcore vga_ctrl ...

WARNING:EDK:4143 - Invalid spaceType:1 in calculateAddrOffset_new

----------------------------------------------------------------------------
--                            Design Analysis                             --
----------------------------------------------------------------------------
Analyze pcore vga_ctrl ...

WARNING:EDK:4143 - Invalid spaceType:1 in calculateAddrOffset_new

----------------------------------------------------------------------------
--                            Design Analysis                             --
----------------------------------------------------------------------------
Analyze pcore vga_ctrl ...

WARNING:EDK:4143 - Invalid spaceType:1 in calculateAddrOffset_new

----------------------------------------------------------------------------
--                            Design Analysis                             --
----------------------------------------------------------------------------
Analyze pcore vga_ctrl ...

WARNING:EDK:4143 - Invalid spaceType:1 in calculateAddrOffset_new
WARNING:EDK:4143 - Invalid spaceType:1 in calculateAddrOffset_new

----------------------------------------------------------------------------
--                            File Generation                             --
----------------------------------------------------------------------------
Creating HDL source directory ...
Generating top peripheral VHDL template ...
Generating stub user logic VHDL template ...
HDL templates successfully generated ...
Creating data directory ...
Generating XPS inteface files ...
Compiling vhdl file
"C:/Xilinx/14.6/ISE_DS/EDK/hw/XilinxProcessorIPLib/pcores/proc_common_v3_00_a/hd
l/vhdl/proc_common_pkg.vhd" in Library proc_common_v3_00_a.
Package <proc_common_pkg> compiled.
Package body <proc_common_pkg> compiled.
Compiling vhdl file
"C:/Xilinx/14.6/ISE_DS/EDK/hw/XilinxProcessorIPLib/pcores/proc_common_v3_00_a/hd
l/vhdl/family_support.vhd" in Library proc_common_v3_00_a.
Package <family_support> compiled.
Package body <family_support> compiled.
Compiling vhdl file
"C:/Xilinx/14.6/ISE_DS/EDK/hw/XilinxProcessorIPLib/pcores/proc_common_v3_00_a/hd
l/vhdl/or_muxcy.vhd" in Library proc_common_v3_00_a.
Entity <or_muxcy> compiled.
Entity <or_muxcy> (Architecture <implementation>) compiled.
Compiling vhdl file
"C:/Xilinx/14.6/ISE_DS/EDK/hw/XilinxProcessorIPLib/pcores/proc_common_v3_00_a/hd
l/vhdl/or_gate128.vhd" in Library proc_common_v3_00_a.
Entity <or_gate128> compiled.
Entity <or_gate128> (Architecture <imp>) compiled.
Compiling vhdl file
"C:/Xilinx/14.6/ISE_DS/EDK/hw/XilinxProcessorIPLib/pcores/proc_common_v3_00_a/hd
l/vhdl/counter_f.vhd" in Library proc_common_v3_00_a.
Entity <counter_f> compiled.
Entity <counter_f> (Architecture <imp>) compiled.
Compiling vhdl file
"C:/Xilinx/14.6/ISE_DS/EDK/hw/XilinxProcessorIPLib/pcores/proc_common_v3_00_a/hd
l/vhdl/soft_reset.vhd" in Library proc_common_v3_00_a.
Entity <soft_reset> compiled.
Entity <soft_reset> (Architecture <implementation>) compiled.
Compiling vhdl file
"C:/Xilinx/14.6/ISE_DS/EDK/hw/XilinxProcessorIPLib/pcores/proc_common_v3_00_a/hd
l/vhdl/pselect_f.vhd" in Library proc_common_v3_00_a.
Entity <pselect_f> compiled.
Entity <pselect_f> (Architecture <imp>) compiled.
Compiling vhdl file
"C:/Xilinx/14.6/ISE_DS/EDK/hw/XilinxProcessorIPLib/pcores/proc_common_v3_00_a/hd
l/vhdl/ipif_pkg.vhd" in Library proc_common_v3_00_a.
Package <ipif_pkg> compiled.
Package body <ipif_pkg> compiled.
Compiling vhdl file
"C:/Xilinx/14.6/ISE_DS/EDK/hw/XilinxProcessorIPLib/pcores/axi_lite_ipif_v1_01_a/
hdl/vhdl/address_decoder.vhd" in Library axi_lite_ipif_v1_01_a.
Entity <address_decoder> compiled.
Entity <address_decoder> (Architecture <IMP>) compiled.
Compiling vhdl file
"C:/Xilinx/14.6/ISE_DS/EDK/hw/XilinxProcessorIPLib/pcores/axi_lite_ipif_v1_01_a/
hdl/vhdl/slave_attachment.vhd" in Library axi_lite_ipif_v1_01_a.
Entity <slave_attachment> compiled.
Entity <slave_attachment> (Architecture <imp>) compiled.
Compiling vhdl file
"C:/Xilinx/14.6/ISE_DS/EDK/hw/XilinxProcessorIPLib/pcores/axi_lite_ipif_v1_01_a/
hdl/vhdl/axi_lite_ipif.vhd" in Library axi_lite_ipif_v1_01_a.
Entity <axi_lite_ipif> compiled.
Entity <axi_lite_ipif> (Architecture <imp>) compiled.
Compiling vhdl file
"D:/ra97-2015/lprs2/lab4/pcores/vga_ctrl_v1_00_a/data/../hdl/vhdl/user_logic.vhd
" in Library vga_ctrl_v1_00_a.
Entity <user_logic> compiled.
Entity <user_logic> (Architecture <IMP>) compiled.
Compiling vhdl file
"D:/ra97-2015/lprs2/lab4/pcores/vga_ctrl_v1_00_a/data/../hdl/vhdl/vga_ctrl.vhd"
in Library vga_ctrl_v1_00_a.
Entity <vga_ctrl> compiled.
Entity <vga_ctrl> (Architecture <IMP>) compiled.


Analyzing HDL attributes ...
Entity name = vga_ctrl
INFO:EDK:1607 - IPTYPE set to value : PERIPHERAL
INFO:EDK:1511 - IMP_NETLIST set to value : TRUE
INFO:EDK:1486 - HDL set to value : VHDL
WARNING:EDK:3588 - Unable to delete temporary XST project file
   D:\ra97-2015\lprs2\lab4\pcores\vga_ctrl_v1_00_a\data\_vga_ctrl_xst.prj : 13
XPS interface files successfully generated ...
Creating development directory ...
Generating command option file ...
Generating readme file ...
WARNING:EDK:4143 - Invalid spaceType:1 in calculateAddrOffset_new
Development misc files successfully generated ...
No ProjNavigator support files will be generated at this time ...
No XST synthesis support files will be generated at this time ...
No BFM simulation files will be generated at this time ...
Creating software driver data directory ...
Generating software driver XPS interface (mdd/tcl) files ...
Software driver data definition file (.mdd) successfully generated ...
Software driver data generation file (.tcl) successfully generated ...
Creating software driver src directory ...
Generating software driver template files ...
Software driver compile file (Makefile) successfully generated ...
output user slave register(s) offset to software driver header ...
WARNING:EDK:4143 - Invalid spaceType:1 in calculateAddrOffset_new
output software reset offset to software driver header ...
Software driver header file (.h) successfully generated ...
Software driver source file (.c) successfully generated ...
Software driver SelfTest file (.c) successfully generated ...
Software driver template files successfully generated ...

----------------------------------------------------------------------------
--                              Final Report                              --
----------------------------------------------------------------------------
WARNING:EDK:4143 - Invalid spaceType:1 in calculateAddrOffset_new
Thank you for using Create and Import Peripheral Wizard! Please find your
peripheral hardware templates under
D:\ra97-2015\lprs2\lab4/pcores/vga_ctrl_v1_00_a and peripheral software
templates under D:\ra97-2015\lprs2\lab4/drivers/vga_ctrl_v1_00_a respectively.

Peripheral Summary:

  top name       : vga_ctrl
  version        : 1.00.a
  type           : AXI4LITE slave
  features       : slave attachment
                   mir/rst register

Address Block Summary:

  user logic slv : C_BASEADDR
                 : C_BASEADDR
  soft reset     : C_BASEADDR + 0x00000000
                 : C_BASEADDR + 0x000000FF

File Summary

  - HDL source -
  D:\ra97-2015\lprs2\lab4/pcores/vga_ctrl_v1_00_a/hdl
  top entity     : vhdl/vga_ctrl.vhd
  user logic     : vhdl/user_logic.vhd

  - XPS interface -
  D:\ra97-2015\lprs2\lab4/pcores/vga_ctrl_v1_00_a/data
  mpd            : vga_ctrl_v2_1_0.mpd
  pao            : vga_ctrl_v2_1_0.pao

  - Misc file -
  D:\ra97-2015\lprs2\lab4/pcores/vga_ctrl_v1_00_a/devl
  help           : README.txt
  option         : ipwiz.opt
  log            : ipwiz.log

  - Driver source -
  D:\ra97-2015\lprs2\lab4/drivers/vga_ctrl_v1_00_a/src
  makefile       : Makefile
  header         : vga_ctrl.h
  source         : vga_ctrl.c
  selftest       : vga_ctrl_selftest.c

  - Driver interface -
  D:\ra97-2015\lprs2\lab4/drivers/vga_ctrl_v1_00_a/data
  mdd            : vga_ctrl_v2_1_0.mdd
  tcl            : vga_ctrl_v2_1_0.tcl


